2020-11-03 10:23:12,564 — [DEBUG] <my_log.py> — 第46行：这是debug
2020-11-03 10:23:12,565 — [INFO] <my_log.py> — 第47行：这是info
2020-11-03 10:23:12,565 — [WARNING] <my_log.py> — 第48行：这是warning
2020-11-03 10:23:12,565 — [ERROR] <my_log.py> — 第49行：这是error
2020-11-03 10:23:12,565 — [CRITICAL] <my_log.py> — 第50行：这是critical
2020-11-03 10:28:46,523 — [DEBUG] <my_log.py> — 第47行：这是debug
2020-11-03 10:28:46,523 — [INFO] <my_log.py> — 第48行：这是info
2020-11-03 10:28:46,524 — [WARNING] <my_log.py> — 第49行：这是warning
2020-11-03 10:28:46,524 — [ERROR] <my_log.py> — 第50行：这是error
2020-11-03 10:28:46,524 — [CRITICAL] <my_log.py> — 第51行：这是critical
2020-11-03 10:35:18,370 — [DEBUG] <my_log.py> — 第50行：这是debug
2020-11-03 10:35:18,370 — [INFO] <my_log.py> — 第51行：这是info
2020-11-03 10:35:18,370 — [WARNING] <my_log.py> — 第52行：这是warning
2020-11-03 10:35:18,370 — [ERROR] <my_log.py> — 第53行：这是error
2020-11-03 10:35:18,370 — [CRITICAL] <my_log.py> — 第54行：这是critical
2020-11-03 10:38:34,941 — [DEBUG] <my_log.py> — 第50行：这是debug
2020-11-03 10:38:34,941 — [INFO] <my_log.py> — 第51行：这是info
2020-11-03 10:38:34,941 — [WARNING] <my_log.py> — 第52行：这是warning
2020-11-03 10:38:34,942 — [ERROR] <my_log.py> — 第53行：这是error
2020-11-03 10:38:34,942 — [CRITICAL] <my_log.py> — 第54行：这是critical
2020-11-03 10:38:42,116 — [DEBUG] <my_log.py> — 第50行：这是debug
2020-11-03 10:38:42,116 — [INFO] <my_log.py> — 第51行：这是info
2020-11-03 10:38:42,116 — [WARNING] <my_log.py> — 第52行：这是warning
2020-11-03 10:38:42,116 — [ERROR] <my_log.py> — 第53行：这是error
2020-11-03 10:38:42,117 — [CRITICAL] <my_log.py> — 第54行：这是critical
2020-11-03 10:45:26,069 — [INFO] <tztg.py> — 第16行：系统登录成功，开始测试>>>
2020-11-03 10:45:26,069 — [INFO] <tztg.py> — 第17行：进入通知通告界面ing
2020-11-03 10:45:26,069 — [INFO] <tztg.py> — 第17行：进入通知通告界面ing
2020-11-03 10:45:27,677 — [INFO] <tztg.py> — 第20行：进入成功，开始新增测试>>>
2020-11-03 10:45:27,677 — [INFO] <tztg.py> — 第20行：进入成功，开始新增测试>>>
2020-11-03 10:45:27,677 — [INFO] <tztg.py> — 第20行：进入成功，开始新增测试>>>
2020-11-03 10:45:28,074 — [INFO] <tztg.py> — 第29行：输入通知标题>>>
2020-11-03 10:45:28,074 — [INFO] <tztg.py> — 第29行：输入通知标题>>>
2020-11-03 10:45:28,074 — [INFO] <tztg.py> — 第29行：输入通知标题>>>
2020-11-03 10:45:28,074 — [INFO] <tztg.py> — 第29行：输入通知标题>>>
2020-11-03 10:45:28,426 — [INFO] <tztg.py> — 第33行：输入时间>>>
2020-11-03 10:45:28,426 — [INFO] <tztg.py> — 第33行：输入时间>>>
2020-11-03 10:45:28,426 — [INFO] <tztg.py> — 第33行：输入时间>>>
2020-11-03 10:45:28,426 — [INFO] <tztg.py> — 第33行：输入时间>>>
2020-11-03 10:45:28,426 — [INFO] <tztg.py> — 第33行：输入时间>>>
2020-11-03 10:45:28,620 — [INFO] <tztg.py> — 第37行：输入内容>>>
2020-11-03 10:45:28,620 — [INFO] <tztg.py> — 第37行：输入内容>>>
2020-11-03 10:45:28,620 — [INFO] <tztg.py> — 第37行：输入内容>>>
2020-11-03 10:45:28,620 — [INFO] <tztg.py> — 第37行：输入内容>>>
2020-11-03 10:45:28,620 — [INFO] <tztg.py> — 第37行：输入内容>>>
2020-11-03 10:45:28,620 — [INFO] <tztg.py> — 第37行：输入内容>>>
2020-11-03 10:45:29,078 — [INFO] <tztg.py> — 第43行：新增成功！
2020-11-03 10:45:29,078 — [INFO] <tztg.py> — 第43行：新增成功！
2020-11-03 10:45:29,078 — [INFO] <tztg.py> — 第43行：新增成功！
2020-11-03 10:45:29,078 — [INFO] <tztg.py> — 第43行：新增成功！
2020-11-03 10:45:29,078 — [INFO] <tztg.py> — 第43行：新增成功！
2020-11-03 10:45:29,078 — [INFO] <tztg.py> — 第43行：新增成功！
2020-11-03 10:45:29,078 — [INFO] <tztg.py> — 第43行：新增成功！
2020-11-03 10:45:29,079 — [INFO] <tztg.py> — 第45行：测试通过！关闭浏览器！>>>
2020-11-03 10:45:29,079 — [INFO] <tztg.py> — 第45行：测试通过！关闭浏览器！>>>
2020-11-03 10:45:29,079 — [INFO] <tztg.py> — 第45行：测试通过！关闭浏览器！>>>
2020-11-03 10:45:29,079 — [INFO] <tztg.py> — 第45行：测试通过！关闭浏览器！>>>
2020-11-03 10:45:29,079 — [INFO] <tztg.py> — 第45行：测试通过！关闭浏览器！>>>
2020-11-03 10:45:29,079 — [INFO] <tztg.py> — 第45行：测试通过！关闭浏览器！>>>
2020-11-03 10:45:29,079 — [INFO] <tztg.py> — 第45行：测试通过！关闭浏览器！>>>
2020-11-03 10:45:29,079 — [INFO] <tztg.py> — 第45行：测试通过！关闭浏览器！>>>
2020-11-03 10:51:49,362 — [INFO] <tztg.py> — 第16行：系统登录成功，开始测试>>>
2020-11-03 10:51:49,362 — [INFO] <tztg.py> — 第17行：进入通知通告界面ing
2020-11-03 10:51:51,069 — [INFO] <tztg.py> — 第20行：进入成功，开始新增测试>>>
2020-11-03 10:51:51,439 — [INFO] <tztg.py> — 第29行：输入通知标题>>>
2020-11-03 10:51:51,748 — [INFO] <tztg.py> — 第33行：输入时间>>>
2020-11-03 10:51:52,010 — [INFO] <tztg.py> — 第37行：输入内容>>>
2020-11-03 10:51:52,482 — [INFO] <tztg.py> — 第43行：新增成功！
2020-11-03 10:51:52,482 — [INFO] <tztg.py> — 第45行：测试通过！关闭浏览器！>>>
2020-11-03 10:56:17,994 — [INFO] <tztg.py> — 第16行：系统登录成功，开始测试>>>
2020-11-03 10:56:17,995 — [INFO] <tztg.py> — 第17行：进入通知通告界面ing
2020-11-03 10:56:19,515 — [INFO] <tztg.py> — 第20行：进入成功，开始新增测试>>>
2020-11-03 10:56:19,854 — [INFO] <tztg.py> — 第29行：输入通知标题>>>
2020-11-03 10:56:20,125 — [INFO] <tztg.py> — 第33行：输入时间>>>
2020-11-03 10:56:20,299 — [INFO] <tztg.py> — 第37行：输入内容>>>
2020-11-03 10:56:20,673 — [INFO] <tztg.py> — 第43行：新增成功！
2020-11-03 10:56:20,673 — [INFO] <tztg.py> — 第45行：测试通过！关闭浏览器！>>>
2020-11-03 11:00:20,593 — [INFO] <tztg.py> — 第16行：系统登录成功，开始测试>>>
2020-11-03 11:00:20,594 — [INFO] <tztg.py> — 第17行：进入通知通告界面ing
2020-11-03 11:00:22,172 — [INFO] <tztg.py> — 第20行：进入成功，开始新增测试>>>
2020-11-03 11:00:22,583 — [INFO] <tztg.py> — 第29行：输入通知标题>>>
2020-11-03 11:00:23,137 — [INFO] <tztg.py> — 第33行：输入时间>>>
2020-11-03 11:00:23,326 — [INFO] <tztg.py> — 第37行：输入内容>>>
2020-11-03 11:00:23,731 — [INFO] <tztg.py> — 第43行：新增成功！
2020-11-03 11:00:28,732 — [INFO] <tztg.py> — 第47行：测试通过！关闭浏览器！>>>
2020-11-03 11:00:53,775 — [INFO] <tztg.py> — 第16行：系统登录成功，开始测试>>>
2020-11-03 11:00:53,775 — [INFO] <tztg.py> — 第17行：进入通知通告界面ing
2020-11-03 11:00:55,402 — [INFO] <tztg.py> — 第20行：进入成功，开始新增测试>>>
2020-11-03 11:00:55,773 — [INFO] <tztg.py> — 第29行：输入通知标题>>>
2020-11-03 11:00:56,106 — [INFO] <tztg.py> — 第33行：输入时间>>>
2020-11-03 11:00:56,283 — [INFO] <tztg.py> — 第37行：输入内容>>>
2020-11-03 11:00:56,731 — [INFO] <tztg.py> — 第43行：新增成功！
2020-11-03 11:01:01,731 — [INFO] <tztg.py> — 第47行：测试通过！关闭浏览器！>>>
2020-11-03 11:01:11,367 — [INFO] <tztg.py> — 第16行：系统登录成功，开始测试>>>
2020-11-03 11:01:11,367 — [INFO] <tztg.py> — 第17行：进入通知通告界面ing
2020-11-03 11:01:12,960 — [INFO] <tztg.py> — 第20行：进入成功，开始新增测试>>>
2020-11-03 11:01:13,305 — [INFO] <tztg.py> — 第29行：输入通知标题>>>
2020-11-03 11:01:13,573 — [INFO] <tztg.py> — 第33行：输入时间>>>
2020-11-03 11:01:13,740 — [INFO] <tztg.py> — 第37行：输入内容>>>
2020-11-03 11:01:14,123 — [INFO] <tztg.py> — 第43行：新增成功！
2020-11-03 11:01:19,123 — [INFO] <tztg.py> — 第47行：测试通过！关闭浏览器！>>>
2020-11-03 11:05:09,989 — [INFO] <tztg.py> — 第16行：系统登录成功，开始测试>>>
2020-11-03 11:05:09,989 — [INFO] <tztg.py> — 第17行：进入通知通告界面ing
2020-11-03 11:05:11,588 — [INFO] <tztg.py> — 第20行：进入成功，开始新增测试>>>
2020-11-03 11:05:12,031 — [INFO] <tztg.py> — 第30行：输入通知标题>>>
2020-11-03 11:05:12,285 — [INFO] <tztg.py> — 第34行：输入时间>>>
2020-11-03 11:05:12,462 — [INFO] <tztg.py> — 第38行：输入内容>>>
2020-11-03 11:05:12,893 — [INFO] <tztg.py> — 第44行：新增成功！
2020-11-03 11:05:17,893 — [INFO] <tztg.py> — 第48行：测试通过！关闭浏览器！>>>
2020-11-03 15:17:45,557 — [INFO] <tztg.py> — 第16行：系统登录成功，开始测试>>>
2020-11-03 15:17:45,558 — [INFO] <tztg.py> — 第17行：进入通知通告界面ing
2020-11-03 15:17:47,173 — [INFO] <tztg.py> — 第20行：进入成功，开始新增测试>>>
2020-11-03 15:17:47,508 — [INFO] <tztg.py> — 第30行：输入通知标题>>>
2020-11-03 15:17:47,741 — [INFO] <tztg.py> — 第34行：输入时间>>>
2020-11-03 15:17:47,893 — [INFO] <tztg.py> — 第38行：输入内容>>>
2020-11-03 15:19:31,772 — [INFO] <tztg.py> — 第16行：系统登录成功，开始测试>>>
2020-11-03 15:19:31,772 — [INFO] <tztg.py> — 第17行：进入通知通告界面ing
2020-11-03 15:19:33,256 — [INFO] <tztg.py> — 第20行：进入成功，开始新增测试>>>
2020-11-03 15:19:33,595 — [INFO] <tztg.py> — 第30行：输入通知标题>>>
2020-11-03 15:19:33,826 — [INFO] <tztg.py> — 第34行：输入时间>>>
2020-11-03 15:19:33,984 — [INFO] <tztg.py> — 第38行：输入内容>>>
2020-11-03 15:19:34,344 — [INFO] <tztg.py> — 第45行：新增成功！
2020-11-03 15:19:39,344 — [INFO] <tztg.py> — 第49行：测试通过！关闭浏览器！>>>
2020-11-03 15:20:03,566 — [INFO] <tztg.py> — 第16行：系统登录成功，开始测试>>>
2020-11-03 15:20:03,566 — [INFO] <tztg.py> — 第17行：进入通知通告界面ing
2020-11-03 15:20:05,071 — [INFO] <tztg.py> — 第20行：进入成功，开始新增测试>>>
2020-11-03 15:20:05,393 — [INFO] <tztg.py> — 第30行：输入通知标题>>>
2020-11-03 15:20:05,630 — [INFO] <tztg.py> — 第34行：输入时间>>>
2020-11-03 15:20:05,787 — [INFO] <tztg.py> — 第38行：输入内容>>>
2020-11-03 15:20:06,137 — [INFO] <tztg.py> — 第45行：新增成功！
2020-11-03 15:20:11,137 — [INFO] <tztg.py> — 第49行：测试通过！关闭浏览器！>>>
2020-11-03 15:20:30,476 — [INFO] <tztg.py> — 第16行：系统登录成功，开始测试>>>
2020-11-03 15:20:30,476 — [INFO] <tztg.py> — 第17行：进入通知通告界面ing
2020-11-03 15:20:31,840 — [INFO] <tztg.py> — 第20行：进入成功，开始新增测试>>>
2020-11-03 15:20:32,184 — [INFO] <tztg.py> — 第30行：输入通知标题>>>
2020-11-03 15:20:32,424 — [INFO] <tztg.py> — 第34行：输入时间>>>
2020-11-03 15:20:32,608 — [INFO] <tztg.py> — 第38行：输入内容>>>
2020-11-03 15:20:32,967 — [INFO] <tztg.py> — 第45行：新增成功！
2020-11-03 15:20:37,968 — [INFO] <tztg.py> — 第49行：测试通过！关闭浏览器！>>>
2020-11-03 15:21:03,898 — [INFO] <tztg.py> — 第16行：系统登录成功，开始测试>>>
2020-11-03 15:21:03,898 — [INFO] <tztg.py> — 第17行：进入通知通告界面ing
2020-11-03 15:21:05,358 — [INFO] <tztg.py> — 第20行：进入成功，开始新增测试>>>
2020-11-03 15:21:05,692 — [INFO] <tztg.py> — 第30行：输入通知标题>>>
2020-11-03 15:21:05,941 — [INFO] <tztg.py> — 第34行：输入时间>>>
2020-11-03 15:21:06,102 — [INFO] <tztg.py> — 第38行：输入内容>>>
2020-11-03 15:21:06,476 — [INFO] <tztg.py> — 第45行：新增成功！
2020-11-03 15:21:11,476 — [INFO] <tztg.py> — 第49行：测试通过！关闭浏览器！>>>
2020-11-03 18:04:55,589 — [DEBUG] <my_log.py> — 第47行：这是debug
2020-11-03 18:04:55,600 — [INFO] <my_log.py> — 第48行：这是info
2020-11-03 18:04:55,600 — [WARNING] <my_log.py> — 第49行：这是warning
2020-11-03 18:04:55,601 — [ERROR] <my_log.py> — 第50行：这是error
2020-11-03 18:04:55,601 — [CRITICAL] <my_log.py> — 第51行：这是critical
2020-11-11 16:31:46,930 — [DEBUG] <my_log.py> — 第47行：这是debug
2020-11-11 16:31:46,936 — [INFO] <my_log.py> — 第48行：这是info
2020-11-11 16:31:46,937 — [WARNING] <my_log.py> — 第49行：这是warning
2020-11-11 16:31:46,937 — [ERROR] <my_log.py> — 第50行：这是error
2020-11-11 16:31:46,937 — [CRITICAL] <my_log.py> — 第51行：这是critical
2020-11-30 10:12:56,309 — [DEBUG] <my_log.py> — 第47行：这是debug
2020-11-30 10:12:56,317 — [INFO] <my_log.py> — 第48行：这是info
2020-11-30 10:12:56,317 — [WARNING] <my_log.py> — 第49行：这是warning
2020-11-30 10:12:56,317 — [ERROR] <my_log.py> — 第50行：这是error
2020-11-30 10:12:56,318 — [CRITICAL] <my_log.py> — 第51行：这是critical
2020-11-30 10:32:04,154 — [DEBUG] <my_log.py> — 第47行：这是debug
2020-11-30 10:32:04,154 — [INFO] <my_log.py> — 第48行：这是info
2020-11-30 10:32:04,154 — [WARNING] <my_log.py> — 第49行：这是warning
2020-11-30 10:32:04,155 — [ERROR] <my_log.py> — 第50行：这是error
2020-11-30 10:32:04,155 — [CRITICAL] <my_log.py> — 第51行：这是critical
2020-11-30 10:35:48,694 — [DEBUG] <my_log.py> — 第47行：这是debug
2020-11-30 10:35:48,694 — [INFO] <my_log.py> — 第48行：这是info
2020-11-30 10:35:48,694 — [WARNING] <my_log.py> — 第49行：这是warning
2020-11-30 10:35:48,694 — [ERROR] <my_log.py> — 第50行：这是error
2020-11-30 10:35:48,694 — [CRITICAL] <my_log.py> — 第51行：这是critical
2020-11-30 16:12:08,298 — [DEBUG] <my_log.py> — 第47行：这是debug
2020-11-30 16:12:08,298 — [INFO] <my_log.py> — 第48行：这是info
2020-11-30 16:12:08,298 — [WARNING] <my_log.py> — 第49行：这是warning
2020-11-30 16:12:08,298 — [ERROR] <my_log.py> — 第50行：这是error
2020-11-30 16:12:08,298 — [CRITICAL] <my_log.py> — 第51行：这是critical
2020-11-30 16:13:16,993 — [DEBUG] <my_log.py> — 第48行：这是debug
2020-11-30 16:13:16,993 — [INFO] <my_log.py> — 第49行：这是info
2020-11-30 16:13:16,993 — [WARNING] <my_log.py> — 第50行：这是warning
2020-11-30 16:13:16,993 — [ERROR] <my_log.py> — 第51行：这是error
2020-11-30 16:13:16,993 — [CRITICAL] <my_log.py> — 第52行：这是critical
2020-12-29 09:28:16,972 — [DEBUG] <my_log.py> — 第48行：这是debug
2020-12-29 09:28:16,982 — [INFO] <my_log.py> — 第49行：这是info
2020-12-29 09:28:16,983 — [WARNING] <my_log.py> — 第50行：这是warning
2020-12-29 09:28:16,983 — [ERROR] <my_log.py> — 第51行：这是error
2020-12-29 09:28:16,983 — [CRITICAL] <my_log.py> — 第52行：这是critical
2020-12-29 09:28:45,098 — [DEBUG] <my_log.py> — 第48行：这是debug
2020-12-29 09:28:45,098 — [INFO] <my_log.py> — 第49行：这是info
2020-12-29 09:28:45,098 — [WARNING] <my_log.py> — 第50行：这是warning
2020-12-29 09:28:45,099 — [ERROR] <my_log.py> — 第51行：这是error
2020-12-29 09:28:45,099 — [CRITICAL] <my_log.py> — 第52行：这是critical
